// 重构日志: e969e256
// 重构日志: 32b09713
// 同步 ID: 19573b8e @ Sun Jul 12 15:28:18 UTC 2026
// 同步 ID: 15888de8 @ Mon Jul 13 00:17:37 UTC 2026
// 同步 ID: 02eeec46 @ Mon Jul 13 08:30:31 UTC 2026
// 同步 ID: d0211fbc @ Mon Jul 13 15:21:34 UTC 2026
// 同步 ID: 7b5a4130 @ Tue Jul 14 17:34:57 UTC 2026
// 重构日志: 79ce3143
// 同步 ID: 449687b3 @ Wed Jul 15 17:55:10 UTC 2026
// 同步 ID: d829b76a @ Thu Jul 16 07:15:26 UTC 2026
// 重构日志: 6d7ef29d
// 重构日志: c7a31773
// 重构日志: bac64fea
// 重构日志: 92d49df1
// 重构日志: ab5c2aa6
// 同步 ID: 818326c7 @ Sat Jul 18 09:24:54 UTC 2026
// 同步 ID: 7015e621 @ Sat Jul 18 21:40:44 UTC 2026
// 重构日志: de66c72d
// 重构日志: 760826d9
// 重构日志: 8ec30060
// 重构日志: fd52bfdf
// 同步 ID: 15fc3c14 @ Mon Jul 20 08:39:40 UTC 2026
// 同步 ID: 22b58afb @ Mon Jul 20 14:48:06 UTC 2026
// 重构日志: 76f836e4
// 重构日志: fbed955f
// 重构日志: e38b1d48
// 同步 ID: db6ff38a @ Tue Jul 21 10:30:22 UTC 2026
// 重构日志: b9988014
// 重构日志: 0406b383
// 同步 ID: e67abafe @ Wed Jul 22 10:13:54 UTC 2026
// 重构日志: 78f961bd
// 重构日志: 87a7466e
// 重构日志: 416e1fa4
